<?xml version="1.0" encoding="UTF-8"?>
<!-- Generated by org.testng.reporters.JUnitXMLReporter -->
<testsuite ignored="0" hostname="Sureshs-MacBook-Air.local" failures="1" tests="3" name="Form Submission Tests" time="250.888" errors="0" timestamp="2025-07-13T16:41:18 IST">
  <testcase classname="com.suresh.automation.tests.FormSubmissionTest" name="submitFormTest" time="0.392"/>
  <testcase classname="com.suresh.automation.tests.FormSubmissionTest" name="submitFormTest" time="0.441"/>
  <testcase classname="com.suresh.automation.tests.FormSubmissionTest" name="submitFormTest" time="0.052">
    <failure type="java.lang.IllegalArgumentException" message="Keys to send should be a not null CharSequence">
      <![CDATA[java.lang.IllegalArgumentException: Keys to send should be a not null CharSequence
at org.openqa.selenium.remote.RemoteWebElement.sendKeys(RemoteWebElement.java:96)
at com.suresh.automation.pages.PracticeFormPage.enterLastName(PracticeFormPage.java:35)
at com.suresh.automation.tests.FormSubmissionTest.submitFormTest(FormSubmissionTest.java:20)
at java.base/java.util.ArrayList.forEach(ArrayList.java:1511)
... Removed 31 stack frames]]>
    </failure>
  </testcase> <!-- submitFormTest -->
</testsuite> <!-- Form Submission Tests -->
