<?xml version="1.0" encoding="UTF-8"?>
<!-- Generated by org.testng.reporters.JUnitXMLReporter -->
<testsuite ignored="0" hostname="Sureshs-MacBook-Air.local" failures="0" tests="2" name="Form Submission Tests" time="10.226" errors="0" timestamp="2025-07-13T19:28:41 IST">
  <testcase classname="com.suresh.automation.tests.FormSubmissionTest" name="submitFormTest" time="0.391"/>
  <testcase classname="com.suresh.automation.tests.FormSubmissionTest" name="submitFormTest" time="2.517"/>
</testsuite> <!-- Form Submission Tests -->
