<?xml version="1.0" encoding="UTF-8"?>
<testng-results ignored="0" total="2" passed="2" failed="0" skipped="0">
  <reporter-output>
  </reporter-output>
  <suite started-at="2025-07-13T18:48:20 IST" name="Techlistic Form Test Suite" finished-at="2025-07-13T18:48:32 IST" duration-ms="12124">
    <groups>
    </groups>
    <test started-at="2025-07-13T18:48:20 IST" name="Form Submission Tests" finished-at="2025-07-13T18:48:32 IST" duration-ms="12124">
      <class name="com.suresh.automation.tests.FormSubmissionTest">
        <test-method is-config="true" signature="setUp()[pri:0, instance:com.suresh.automation.tests.FormSubmissionTest@413f69cc]" started-at="2025-07-13T18:48:20 IST" name="setUp" finished-at="2025-07-13T18:48:26 IST" duration-ms="6121" status="PASS">
          <reporter-output>
          </reporter-output>
        </test-method> <!-- setUp -->
        <test-method signature="submitFormTest(java.util.Map)[pri:0, instance:com.suresh.automation.tests.FormSubmissionTest@413f69cc]" started-at="2025-07-13T18:48:26 IST" name="submitFormTest" data-provider="formData" finished-at="2025-07-13T18:48:27 IST" duration-ms="417" status="PASS">
          <params>
            <param index="0">
              <value>
                <![CDATA[{Experience=5, Profession=Automation, Continent=North America, SeleniumCommands=Browser Commands, FirstName=John, LastName=Doe, Gender=Male, AutomationTool=TestNG}]]>
              </value>
            </param>
          </params>
          <reporter-output>
          </reporter-output>
        </test-method> <!-- submitFormTest -->
        <test-method is-config="true" signature="tearDown()[pri:0, instance:com.suresh.automation.tests.FormSubmissionTest@413f69cc]" started-at="2025-07-13T18:48:27 IST" name="tearDown" finished-at="2025-07-13T18:48:27 IST" duration-ms="101" status="PASS">
          <reporter-output>
          </reporter-output>
        </test-method> <!-- tearDown -->
        <test-method is-config="true" signature="setUp()[pri:0, instance:com.suresh.automation.tests.FormSubmissionTest@413f69cc]" started-at="2025-07-13T18:48:27 IST" name="setUp" finished-at="2025-07-13T18:48:28 IST" duration-ms="1606" status="PASS">
          <reporter-output>
          </reporter-output>
        </test-method> <!-- setUp -->
        <test-method signature="submitFormTest(java.util.Map)[pri:0, instance:com.suresh.automation.tests.FormSubmissionTest@413f69cc]" started-at="2025-07-13T18:48:28 IST" name="submitFormTest" data-provider="formData" finished-at="2025-07-13T18:48:32 IST" duration-ms="3461" status="PASS">
          <params>
            <param index="0">
              <value>
                <![CDATA[{Experience=6, Profession=Manual, Continent=Europe, SeleniumCommands=Navigation Commands, FirstName=Jane, LastName=Smith, Gender=Female, AutomationTool=QTP}]]>
              </value>
            </param>
          </params>
          <reporter-output>
          </reporter-output>
        </test-method> <!-- submitFormTest -->
        <test-method is-config="true" signature="tearDown()[pri:0, instance:com.suresh.automation.tests.FormSubmissionTest@413f69cc]" started-at="2025-07-13T18:48:32 IST" name="tearDown" finished-at="2025-07-13T18:48:32 IST" duration-ms="93" status="PASS">
          <reporter-output>
          </reporter-output>
        </test-method> <!-- tearDown -->
      </class> <!-- com.suresh.automation.tests.FormSubmissionTest -->
    </test> <!-- Form Submission Tests -->
  </suite> <!-- Techlistic Form Test Suite -->
</testng-results>
